{"statusCode":404,"statusText":"Not Found","url":"/boards/52c0931b-7306-422e-a6ef-df83d3054ea8/tasks/undefined","method":"GET","query":{},"body":{},"level":"error","message":"   Request Error"}
{"statusCode":404,"statusText":"Not Found","url":"/boards/f2408b12-5d2f-49f9-9039-5b0771650296","method":"GET","query":{},"body":{},"level":"error","message":"   Request Error"}
{"statusCode":404,"statusText":"Not Found","url":"/boards/f9e9cdb9-43c7-49f3-a3cb-7d8e3ad974d0/tasks/43fb2987-2683-4f4e-8971-81c37e972697","method":"GET","query":{},"body":{},"level":"error","message":"   Request Error"}
{"statusCode":404,"statusText":"Not Found","url":"/boards/f9e9cdb9-43c7-49f3-a3cb-7d8e3ad974d0/tasks/f36b772c-cca3-442b-bfc2-fecbbe28a894","method":"GET","query":{},"body":{},"level":"error","message":"   Request Error"}
{"statusCode":404,"statusText":"Not Found","url":"/boards/f9e9cdb9-43c7-49f3-a3cb-7d8e3ad974d0/tasks/09187c45-d512-4947-8551-b35bba3a386c","method":"GET","query":{},"body":{},"level":"error","message":"   Request Error"}
{"statusCode":404,"statusText":"Not Found","url":"/boards/f9e9cdb9-43c7-49f3-a3cb-7d8e3ad974d0/tasks/4603c9d8-e6f2-4c47-a772-5bd2665122d1","method":"GET","query":{},"body":{},"level":"error","message":"   Request Error"}
{"statusCode":404,"statusText":"Not Found","url":"/boards/f9e9cdb9-43c7-49f3-a3cb-7d8e3ad974d0/tasks/4fa054bf-fce2-4c86-92ee-c9fa4da793e2","method":"GET","query":{},"body":{},"level":"error","message":"   Request Error"}
{"statusCode":404,"statusText":"Not Found","url":"/boards/8df2b347-422e-4bf3-bfa4-e392f83f8c80/tasks/undefined","method":"GET","query":{},"body":{},"level":"error","message":"   Request Error"}
{"statusCode":404,"statusText":"Not Found","url":"/boards/052aa901-401e-4808-8367-1a2991532d1f","method":"GET","query":{},"body":{},"level":"error","message":"   Request Error"}
{"statusCode":404,"statusText":"Not Found","url":"/boards/bfb9567f-0c34-4848-9820-a97efafc9181/tasks/55dc7ccd-ad11-4e9b-8f4b-fea1dd6a7f28","method":"GET","query":{},"body":{},"level":"error","message":"   Request Error"}
{"statusCode":404,"statusText":"Not Found","url":"/boards/bfb9567f-0c34-4848-9820-a97efafc9181/tasks/81d422cd-a067-4872-9c04-e1a60c68bc3f","method":"GET","query":{},"body":{},"level":"error","message":"   Request Error"}
{"statusCode":404,"statusText":"Not Found","url":"/boards/bfb9567f-0c34-4848-9820-a97efafc9181/tasks/85e553c8-a18e-4a5b-8f32-adbc7c35c4d1","method":"GET","query":{},"body":{},"level":"error","message":"   Request Error"}
{"statusCode":404,"statusText":"Not Found","url":"/boards/bfb9567f-0c34-4848-9820-a97efafc9181/tasks/9a605c09-25ef-4e61-820c-7ab7f64c21c8","method":"GET","query":{},"body":{},"level":"error","message":"   Request Error"}
{"statusCode":404,"statusText":"Not Found","url":"/boards/bfb9567f-0c34-4848-9820-a97efafc9181/tasks/e2674689-0e24-4010-9599-5ccb90aeb269","method":"GET","query":{},"body":{},"level":"error","message":"   Request Error"}
{"statusCode":403,"statusText":"Forbidden","url":"/login","method":"POST","query":{},"body":{"login":"string","password":"stridsfsdfng"},"level":"error","message":"   Request Error"}
{"statusCode":403,"statusText":"Forbidden","url":"/login","method":"POST","query":{},"body":{"login":"string","password":"stridsfsdfng"},"level":"error","message":"   Request Error"}
{"statusCode":400,"statusText":"Bad Request","url":"/login","method":"POST","query":{},"body":{"lodgin":"admin","password":"admin"},"level":"error","message":"   Request Error"}
{"statusCode":500,"statusText":"Server Error","url":"/favicon.ico","method":"GET","query":{},"body":{},"level":"error","message":"   Request Error"}
{"statusCode":404,"statusText":"Not Found","url":"/boards/9b1325ee-99e2-493b-9f6c-18434c6fe7f5/tasks/undefined","method":"GET","query":{},"body":{},"level":"error","message":"   Request Error"}
{"statusCode":404,"statusText":"Not Found","url":"/boards/9f0ef949-c737-4e45-bcb6-020ab3fe3e47","method":"GET","query":{},"body":{},"level":"error","message":"   Request Error"}
{"statusCode":404,"statusText":"Not Found","url":"/boards/ea96ea31-225d-401f-b012-2bf7f07e970c/tasks/e04c4cdc-45ff-4528-b047-f3c14faa5a04","method":"GET","query":{},"body":{},"level":"error","message":"   Request Error"}
{"statusCode":404,"statusText":"Not Found","url":"/boards/ea96ea31-225d-401f-b012-2bf7f07e970c/tasks/7f42d397-ba83-44e2-9ced-fc393a6c4fd9","method":"GET","query":{},"body":{},"level":"error","message":"   Request Error"}
{"statusCode":404,"statusText":"Not Found","url":"/boards/ea96ea31-225d-401f-b012-2bf7f07e970c/tasks/03853511-6793-43da-b2b6-4077d0898da2","method":"GET","query":{},"body":{},"level":"error","message":"   Request Error"}
{"statusCode":404,"statusText":"Not Found","url":"/boards/ea96ea31-225d-401f-b012-2bf7f07e970c/tasks/9c4e07bd-999b-49a7-ad81-0be061b11af1","method":"GET","query":{},"body":{},"level":"error","message":"   Request Error"}
{"statusCode":404,"statusText":"Not Found","url":"/boards/ea96ea31-225d-401f-b012-2bf7f07e970c/tasks/d3794b1f-4b9d-4ba2-9b6f-2b97760b57d2","method":"GET","query":{},"body":{},"level":"error","message":"   Request Error"}
{"statusCode":500,"statusText":"Server Error","url":"/login","method":"GET","query":{},"body":{},"level":"error","message":"   Request Error"}
