{"url":"/users","method":"POST","query":{},"body":{"name":"string","login":"string","password":"fgdfgdfgf"},"level":"info","message":"    Request logging"}
{"statusCode":500,"statusText":"Server Error","url":"/users","method":"POST","query":{},"body":{"name":"string","login":"string","password":"fgdfgdfgf"},"level":"error","message":"   Request Error"}
{"url":"/boards","method":"POST","query":{},"body":{"title":"Autotest board","columns":[{"title":"Backlog","order":1},{"title":"Sprint","order":2}]},"level":"info","message":"    Request logging"}
{"url":"/users","method":"GET","query":{},"body":{},"level":"info","message":"    Request logging"}
{"url":"/boards","method":"POST","query":{},"body":{"title":"Autotest board","columns":[{"title":"Backlog","order":1},{"title":"Sprint","order":2}]},"level":"info","message":"    Request logging"}
{"url":"/boards","method":"GET","query":{},"body":{},"level":"info","message":"    Request logging"}
{"url":"/users","method":"POST","query":{},"body":{"name":"TEST_USER","login":"test_user","password":"T35t_P@55w0rd"},"level":"info","message":"    Request logging"}
{"url":"/boards/965192b7-c3b4-4223-8017-e96a910d949b/tasks","method":"POST","query":{},"body":{"title":"Autotest task","order":0,"description":"Lorem ipsum","userId":null,"boardId":null,"columnId":null},"level":"info","message":"    Request logging"}
{"url":"/boards","method":"GET","query":{},"body":{},"level":"info","message":"    Request logging"}
{"url":"/users","method":"GET","query":{},"body":{},"level":"info","message":"    Request logging"}
{"url":"/boards/965192b7-c3b4-4223-8017-e96a910d949b/tasks","method":"GET","query":{},"body":{},"level":"info","message":"    Request logging"}
{"url":"/boards/c29b7b24-4310-464b-97d2-b798a0e2b2ab","method":"GET","query":{},"body":{},"level":"info","message":"    Request logging"}
{"url":"/users/572a41de-9ba9-4cb7-80bc-a7474f240243","method":"GET","query":{},"body":{},"level":"info","message":"    Request logging"}
{"url":"/boards/965192b7-c3b4-4223-8017-e96a910d949b/tasks","method":"GET","query":{},"body":{},"level":"info","message":"    Request logging"}
{"url":"/boards","method":"POST","query":{},"body":{"title":"Autotest board","columns":[{"title":"Backlog","order":1},{"title":"Sprint","order":2}]},"level":"info","message":"    Request logging"}
{"url":"/users/572a41de-9ba9-4cb7-80bc-a7474f240243","method":"DELETE","query":{},"body":{},"level":"info","message":"    Request logging"}
{"url":"/boards/965192b7-c3b4-4223-8017-e96a910d949b/tasks/350c1f7f-91fc-4ff2-8ce3-e0d25836733f","method":"GET","query":{},"body":{},"level":"info","message":"    Request logging"}
{"url":"/boards/863cafe7-3d2d-42b9-b2e2-43edb1893973","method":"DELETE","query":{},"body":{},"level":"info","message":"    Request logging"}
{"url":"/boards/965192b7-c3b4-4223-8017-e96a910d949b/tasks","method":"POST","query":{},"body":{"title":"Autotest task","order":0,"description":"Lorem ipsum","userId":null,"boardId":null,"columnId":null},"level":"info","message":"    Request logging"}
{"url":"/users","method":"POST","query":{},"body":{"name":"TEST_USER","login":"test_user","password":"T35t_P@55w0rd"},"level":"info","message":"    Request logging"}
{"url":"/boards/965192b7-c3b4-4223-8017-e96a910d949b/tasks/577f77a6-89c3-48fa-abdc-a7fde015560b","method":"DELETE","query":{},"body":{},"level":"info","message":"    Request logging"}
{"url":"/boards","method":"POST","query":{},"body":{"title":"Autotest board","columns":[{"title":"Backlog","order":1},{"title":"Sprint","order":2}]},"level":"info","message":"    Request logging"}
{"url":"/users/b90e30e1-7f99-4c8b-b762-392650845592","method":"DELETE","query":{},"body":{},"level":"info","message":"    Request logging"}
{"url":"/boards/965192b7-c3b4-4223-8017-e96a910d949b/tasks","method":"POST","query":{},"body":{"title":"Autotest task","order":0,"description":"Lorem ipsum","userId":null,"boardId":null,"columnId":null},"level":"info","message":"    Request logging"}
{"url":"/boards/d924cd02-796e-4cc6-a065-ef97710dc3d0","method":"PUT","query":{},"body":{"id":"d924cd02-796e-4cc6-a065-ef97710dc3d0","title":"Autotest updated board","columns":[{"title":"Backlog","order":1,"_id":"a47c6733-fe68-49e6-ad10-c78683b2056f"},{"title":"Sprint","order":2,"_id":"481fd6db-1aa3-4059-9a9a-1159c3260aee"}]},"level":"info","message":"    Request logging"}
{"url":"/boards/965192b7-c3b4-4223-8017-e96a910d949b/tasks/5d896308-4d73-4f78-a8da-7798d2a51774","method":"PUT","query":{},"body":{"id":"5d896308-4d73-4f78-a8da-7798d2a51774","title":"Autotest updated task","order":0,"description":"Lorem ipsum","userId":null,"boardId":"965192b7-c3b4-4223-8017-e96a910d949b","columnId":null},"level":"info","message":"    Request logging"}
{"url":"/boards/d924cd02-796e-4cc6-a065-ef97710dc3d0","method":"GET","query":{},"body":{},"level":"info","message":"    Request logging"}
{"url":"/users","method":"POST","query":{},"body":{"name":"TEST_USER","login":"test_user","password":"T35t_P@55w0rd"},"level":"info","message":"    Request logging"}
{"url":"/boards/d924cd02-796e-4cc6-a065-ef97710dc3d0","method":"DELETE","query":{},"body":{},"level":"info","message":"    Request logging"}
{"url":"/boards/965192b7-c3b4-4223-8017-e96a910d949b/tasks/5d896308-4d73-4f78-a8da-7798d2a51774","method":"GET","query":{},"body":{},"level":"info","message":"    Request logging"}
{"url":"/boards/965192b7-c3b4-4223-8017-e96a910d949b/tasks/350c1f7f-91fc-4ff2-8ce3-e0d25836733f","method":"GET","query":{},"body":{},"level":"info","message":"    Request logging"}
{"url":"/users/1444a331-f321-404c-a329-35422cafa1ae","method":"PUT","query":{},"body":{"name":"Autotest updated TEST_USER","login":"test_user","password":"T35t_P@55w0rd","id":"1444a331-f321-404c-a329-35422cafa1ae"},"level":"info","message":"    Request logging"}
{"url":"/boards","method":"GET","query":{},"body":{},"level":"info","message":"    Request logging"}
{"url":"/users/1444a331-f321-404c-a329-35422cafa1ae","method":"GET","query":{},"body":{},"level":"info","message":"    Request logging"}
{"url":"/boards/965192b7-c3b4-4223-8017-e96a910d949b/tasks/350c1f7f-91fc-4ff2-8ce3-e0d25836733f","method":"DELETE","query":{},"body":{},"level":"info","message":"    Request logging"}
{"url":"/boards/c29b7b24-4310-464b-97d2-b798a0e2b2ab","method":"DELETE","query":{},"body":{},"level":"info","message":"    Request logging"}
{"url":"/boards/350c1f7f-91fc-4ff2-8ce3-e0d25836733f/tasks/undefined","method":"GET","query":{},"body":{},"level":"info","message":"    Request logging"}
{"url":"/users/1444a331-f321-404c-a329-35422cafa1ae","method":"DELETE","query":{},"body":{},"level":"info","message":"    Request logging"}
{"statusCode":404,"statusText":"Not Found","url":"/boards/350c1f7f-91fc-4ff2-8ce3-e0d25836733f/tasks/undefined","method":"GET","query":{},"body":{},"level":"error","message":"   Request Error"}
{"url":"/boards/965192b7-c3b4-4223-8017-e96a910d949b","method":"DELETE","query":{},"body":{},"level":"info","message":"    Request logging"}
{"url":"/boards/c29b7b24-4310-464b-97d2-b798a0e2b2ab","method":"GET","query":{},"body":{},"level":"info","message":"    Request logging"}
{"url":"/users","method":"POST","query":{},"body":{"name":"TEST_USER","login":"test_user","password":"T35t_P@55w0rd"},"level":"info","message":"    Request logging"}
{"statusCode":404,"statusText":"Not Found","url":"/boards/c29b7b24-4310-464b-97d2-b798a0e2b2ab","method":"GET","query":{},"body":{},"level":"error","message":"   Request Error"}
{"url":"/boards","method":"POST","query":{},"body":{"title":"Autotest board","columns":[{"title":"Backlog","order":1},{"title":"Sprint","order":2}]},"level":"info","message":"    Request logging"}
{"url":"/users/c6ad9f54-6cd9-4858-b647-1b21fdafb8af","method":"DELETE","query":{},"body":{},"level":"info","message":"    Request logging"}
{"url":"/boards/1056c177-4434-4873-945e-125758d67836/tasks","method":"POST","query":{},"body":{"title":"Task #1","order":1,"description":"Lorem ipsum","boardId":"1056c177-4434-4873-945e-125758d67836","userId":null,"columnId":null},"level":"info","message":"    Request logging"}
{"url":"/boards/1056c177-4434-4873-945e-125758d67836/tasks","method":"POST","query":{},"body":{"title":"Task #2","order":2,"description":"Lorem ipsum","boardId":"1056c177-4434-4873-945e-125758d67836","userId":null,"columnId":null},"level":"info","message":"    Request logging"}
{"url":"/boards/1056c177-4434-4873-945e-125758d67836/tasks","method":"POST","query":{},"body":{"title":"Task #3","order":3,"description":"Lorem ipsum","boardId":"1056c177-4434-4873-945e-125758d67836","userId":null,"columnId":null},"level":"info","message":"    Request logging"}
{"url":"/boards/1056c177-4434-4873-945e-125758d67836/tasks","method":"POST","query":{},"body":{"title":"Task #4","order":4,"description":"Lorem ipsum","boardId":"1056c177-4434-4873-945e-125758d67836","userId":null,"columnId":null},"level":"info","message":"    Request logging"}
{"url":"/boards/1056c177-4434-4873-945e-125758d67836/tasks","method":"POST","query":{},"body":{"title":"Task #5","order":5,"description":"Lorem ipsum","boardId":"1056c177-4434-4873-945e-125758d67836","userId":null,"columnId":null},"level":"info","message":"    Request logging"}
{"url":"/users","method":"POST","query":{},"body":{"name":"TEST_USER","login":"test_user","password":"T35t_P@55w0rd"},"level":"info","message":"    Request logging"}
{"url":"/boards/1056c177-4434-4873-945e-125758d67836/tasks/1beaaf9a-00ff-44b3-8eba-e9c4b63ba13b","method":"GET","query":{},"body":{},"level":"info","message":"    Request logging"}
{"url":"/boards/1056c177-4434-4873-945e-125758d67836/tasks/467b0760-34d4-4fa6-afd9-9556d8bb33f1","method":"GET","query":{},"body":{},"level":"info","message":"    Request logging"}
{"url":"/boards/1056c177-4434-4873-945e-125758d67836/tasks/f322fe77-9ec9-4464-9a4f-d4eea3116707","method":"GET","query":{},"body":{},"level":"info","message":"    Request logging"}
{"url":"/boards/1056c177-4434-4873-945e-125758d67836/tasks/f5b5258d-52d2-4206-80cc-5bb63032f66a","method":"GET","query":{},"body":{},"level":"info","message":"    Request logging"}
{"url":"/boards/1056c177-4434-4873-945e-125758d67836/tasks/46edd8ff-157e-41d9-b332-7b8074b5a512","method":"GET","query":{},"body":{},"level":"info","message":"    Request logging"}
{"url":"/boards","method":"POST","query":{},"body":{"title":"Autotest board","columns":[{"title":"Backlog","order":1},{"title":"Sprint","order":2}]},"level":"info","message":"    Request logging"}
{"url":"/boards/1056c177-4434-4873-945e-125758d67836","method":"DELETE","query":{},"body":{},"level":"info","message":"    Request logging"}
{"url":"/boards/bc14fac0-abc7-4b9d-b730-d8c5371b6a44/tasks","method":"POST","query":{},"body":{"title":"Task #1","order":1,"description":"Lorem ipsum","userId":"f94a95b9-1943-4f83-a4dc-b14be8c52145","boardId":"bc14fac0-abc7-4b9d-b730-d8c5371b6a44"},"level":"info","message":"    Request logging"}
{"url":"/boards/bc14fac0-abc7-4b9d-b730-d8c5371b6a44/tasks","method":"POST","query":{},"body":{"title":"Task #2","order":2,"description":"Lorem ipsum","userId":"f94a95b9-1943-4f83-a4dc-b14be8c52145","boardId":"bc14fac0-abc7-4b9d-b730-d8c5371b6a44"},"level":"info","message":"    Request logging"}
{"url":"/users/f94a95b9-1943-4f83-a4dc-b14be8c52145","method":"DELETE","query":{},"body":{},"level":"info","message":"    Request logging"}
{"url":"/boards/1056c177-4434-4873-945e-125758d67836/tasks/1beaaf9a-00ff-44b3-8eba-e9c4b63ba13b","method":"GET","query":{},"body":{},"level":"info","message":"    Request logging"}
{"url":"/boards/1056c177-4434-4873-945e-125758d67836/tasks/467b0760-34d4-4fa6-afd9-9556d8bb33f1","method":"GET","query":{},"body":{},"level":"info","message":"    Request logging"}
{"url":"/boards/1056c177-4434-4873-945e-125758d67836/tasks/f322fe77-9ec9-4464-9a4f-d4eea3116707","method":"GET","query":{},"body":{},"level":"info","message":"    Request logging"}
{"url":"/boards/1056c177-4434-4873-945e-125758d67836/tasks/f5b5258d-52d2-4206-80cc-5bb63032f66a","method":"GET","query":{},"body":{},"level":"info","message":"    Request logging"}
{"url":"/boards/1056c177-4434-4873-945e-125758d67836/tasks/46edd8ff-157e-41d9-b332-7b8074b5a512","method":"GET","query":{},"body":{},"level":"info","message":"    Request logging"}
{"statusCode":404,"statusText":"Not Found","url":"/boards/1056c177-4434-4873-945e-125758d67836/tasks/1beaaf9a-00ff-44b3-8eba-e9c4b63ba13b","method":"GET","query":{},"body":{},"level":"error","message":"   Request Error"}
{"statusCode":404,"statusText":"Not Found","url":"/boards/1056c177-4434-4873-945e-125758d67836/tasks/f5b5258d-52d2-4206-80cc-5bb63032f66a","method":"GET","query":{},"body":{},"level":"error","message":"   Request Error"}
{"statusCode":404,"statusText":"Not Found","url":"/boards/1056c177-4434-4873-945e-125758d67836/tasks/467b0760-34d4-4fa6-afd9-9556d8bb33f1","method":"GET","query":{},"body":{},"level":"error","message":"   Request Error"}
{"statusCode":404,"statusText":"Not Found","url":"/boards/1056c177-4434-4873-945e-125758d67836/tasks/f322fe77-9ec9-4464-9a4f-d4eea3116707","method":"GET","query":{},"body":{},"level":"error","message":"   Request Error"}
{"statusCode":404,"statusText":"Not Found","url":"/boards/1056c177-4434-4873-945e-125758d67836/tasks/46edd8ff-157e-41d9-b332-7b8074b5a512","method":"GET","query":{},"body":{},"level":"error","message":"   Request Error"}
{"url":"/boards/bc14fac0-abc7-4b9d-b730-d8c5371b6a44/tasks/bd73bb04-d128-464e-b219-87534721ccdb","method":"GET","query":{},"body":{},"level":"info","message":"    Request logging"}
{"url":"/boards/bc14fac0-abc7-4b9d-b730-d8c5371b6a44/tasks/a7a316d0-f211-47f8-8872-67e7e54a10ce","method":"GET","query":{},"body":{},"level":"info","message":"    Request logging"}
{"url":"/boards/bc14fac0-abc7-4b9d-b730-d8c5371b6a44/tasks/bd73bb04-d128-464e-b219-87534721ccdb","method":"DELETE","query":{},"body":{},"level":"info","message":"    Request logging"}
{"url":"/boards/bc14fac0-abc7-4b9d-b730-d8c5371b6a44/tasks/a7a316d0-f211-47f8-8872-67e7e54a10ce","method":"DELETE","query":{},"body":{},"level":"info","message":"    Request logging"}
{"url":"/boards/bc14fac0-abc7-4b9d-b730-d8c5371b6a44","method":"DELETE","query":{},"body":{},"level":"info","message":"    Request logging"}
{"url":"/users","method":"POST","query":{},"body":{"name":"string","login":"string","password":"fgdfgdfgf"},"level":"info","message":"    Request logging"}
{"url":"/users","method":"POST","query":{},"body":{"name":"string","login":"string","passworfd":"fgdfgdfgf"},"level":"info","message":"    Request logging"}
{"statusCode":400,"statusText":"Bad Request","url":"/users","method":"POST","query":{},"body":{"name":"string","login":"string","passworfd":"fgdfgdfgf"},"level":"error","message":"   Request Error"}
